SF:lib\features\splash\components\circle_component.dart
DA:4,11
DA:14,1
DA:16,1
DA:17,1
DA:18,1
DA:19,1
DA:20,1
DA:21,1
DA:23,1
LF:9
LH:9
end_of_record
SF:lib\features\splash\splash_screen.dart
DA:12,1
DA:14,1
DA:15,1
DA:22,1
DA:24,1
DA:25,1
DA:26,1
DA:29,1
DA:30,3
DA:31,3
DA:32,2
DA:33,2
DA:36,4
DA:37,4
DA:38,2
DA:39,2
DA:42,2
DA:48,1
DA:50,1
DA:51,1
DA:52,1
DA:54,1
DA:55,1
DA:56,2
DA:57,1
DA:64,1
DA:65,2
DA:66,1
DA:73,1
DA:74,2
DA:75,1
DA:82,1
DA:83,2
DA:84,1
DA:91,1
DA:92,2
DA:93,1
DA:94,1
DA:97,1
LF:39
LH:39
end_of_record
SF:lib\features\home\components\cover_music_card.dart
DA:11,5
DA:17,5
DA:19,5
DA:20,2
DA:21,2
DA:24,2
DA:27,5
DA:29,5
DA:30,5
DA:33,15
DA:34,5
DA:35,5
DA:36,5
DA:37,10
DA:41,5
DA:42,5
DA:46,15
DA:47,5
DA:48,5
DA:49,5
DA:50,10
DA:51,5
DA:62,5
DA:64,5
DA:69,5
DA:70,5
DA:71,5
DA:72,5
DA:90,5
DA:92,5
DA:93,5
DA:94,10
DA:97,10
DA:105,5
DA:106,10
DA:109,10
LF:36
LH:36
end_of_record
SF:lib\features\home\home.dart
DA:12,5
DA:14,5
DA:15,5
DA:22,5
DA:24,5
DA:25,5
DA:28,5
DA:29,5
DA:30,5
DA:31,10
DA:32,10
DA:33,10
DA:37,5
DA:39,5
DA:42,5
DA:43,5
DA:44,5
DA:47,5
DA:50,5
DA:52,5
DA:55,10
DA:56,5
DA:57,10
DA:58,5
DA:59,5
DA:60,5
DA:61,20
DA:63,5
DA:66,5
DA:77,5
DA:81,10
DA:82,10
DA:83,10
DA:84,5
DA:85,10
DA:88,5
LF:36
LH:36
end_of_record
SF:lib\features\player\components\controll_button.dart
DA:4,4
DA:19,4
DA:21,4
DA:22,4
DA:24,4
DA:25,4
DA:26,4
DA:27,4
DA:28,4
DA:29,4
DA:31,4
LF:11
LH:11
end_of_record
SF:lib\features\player\music_player.dart
DA:14,2
DA:16,2
DA:17,2
DA:28,2
DA:30,2
DA:31,2
DA:34,2
DA:36,2
DA:37,4
DA:43,2
DA:45,2
DA:46,10
DA:47,2
DA:50,2
DA:51,4
DA:52,8
DA:53,2
DA:54,6
DA:56,0
DA:58,9
DA:59,2
DA:60,2
DA:61,1
DA:66,2
DA:67,6
DA:68,0
DA:69,0
DA:71,0
DA:72,0
DA:73,0
DA:79,1
DA:80,2
DA:81,2
DA:82,1
DA:85,2
DA:86,1
DA:90,1
DA:91,2
DA:92,2
DA:93,1
DA:97,1
DA:98,2
DA:99,1
DA:101,1
DA:105,1
DA:106,2
DA:108,2
DA:111,2
DA:113,2
DA:116,2
DA:117,2
DA:121,2
DA:126,2
DA:127,4
DA:128,4
DA:133,2
DA:134,4
DA:135,4
DA:140,2
DA:141,4
DA:142,4
DA:147,2
DA:149,2
DA:150,2
DA:151,4
DA:152,4
DA:158,2
DA:159,4
DA:160,4
DA:170,2
DA:171,6
DA:173,6
DA:176,2
DA:178,2
DA:182,2
DA:183,2
DA:184,2
DA:189,2
DA:190,2
DA:192,2
LF:80
LH:74
end_of_record
SF:lib\features\player\components\music_cover_image.dart
DA:6,2
DA:15,2
DA:17,2
DA:20,4
DA:21,2
DA:22,2
DA:23,2
DA:24,2
DA:25,2
DA:31,4
DA:32,1
DA:33,1
DA:34,1
DA:35,1
DA:36,2
DA:37,1
DA:39,1
LF:17
LH:17
end_of_record
SF:lib\features\player\components\time_display.dart
DA:5,4
DA:15,4
DA:17,4
DA:19,4
DA:20,4
DA:21,16
DA:26,4
DA:27,16
LF:8
LH:8
end_of_record
SF:lib\config\themes\main_text_style.dart
DA:7,15
DA:8,6
DA:9,15
DA:10,15
LF:4
LH:4
end_of_record
SF:lib\shared_components\app_bar\back_button_app_bar_leading.dart
DA:5,9
DA:9,4
DA:11,4
DA:18,1
DA:19,1
LF:5
LH:5
end_of_record
SF:lib\shared_components\app_bar\custom_app_bar.dart
DA:7,17
DA:16,5
DA:18,5
DA:20,5
DA:22,5
DA:23,5
DA:32,5
DA:36,5
DA:37,5
DA:49,5
LF:10
LH:10
end_of_record
SF:lib\shared_components\dot_divider.dart
DA:5,17
DA:9,5
LF:2
LH:2
end_of_record
SF:lib\data\repository.dart
DA:10,18
DA:11,18
DA:15,6
DA:17,12
DA:19,6
DA:21,6
DA:22,12
DA:23,18
DA:24,12
DA:27,0
DA:30,0
DA:36,6
DA:38,12
DA:40,6
DA:42,6
DA:43,12
DA:44,18
DA:45,12
DA:48,0
DA:51,0
LF:20
LH:16
end_of_record
SF:lib\features\home\components\cover_video_card.dart
DA:11,5
DA:18,5
DA:20,5
DA:21,2
DA:22,2
DA:25,2
DA:28,5
DA:31,5
DA:32,5
DA:34,20
DA:35,15
DA:36,5
DA:37,10
DA:40,5
DA:41,5
DA:42,10
DA:43,5
DA:53,5
DA:58,5
DA:60,5
DA:61,5
DA:62,10
DA:65,10
DA:73,5
DA:76,5
DA:77,5
DA:78,10
DA:80,10
DA:86,5
DA:87,20
DA:89,10
DA:95,5
DA:96,15
DA:98,10
LF:34
LH:34
end_of_record
SF:lib\utils\extension_function.dart
DA:11,6
DA:12,6
DA:14,6
DA:27,6
DA:28,6
DA:29,1
DA:30,6
DA:31,6
DA:32,24
DA:34,6
DA:35,24
DA:49,6
DA:50,12
DA:51,6
DA:52,6
DA:54,12
DA:55,6
DA:56,2
DA:58,4
DA:59,2
LF:20
LH:20
end_of_record
SF:lib\features\home\components\title_section.dart
DA:6,9
DA:10,5
DA:12,5
DA:14,5
DA:15,5
DA:16,10
LF:6
LH:6
end_of_record
SF:lib\features\player\components\loading_video_placeholder.dart
DA:6,2
DA:15,2
DA:17,2
DA:19,2
DA:20,2
DA:22,8
DA:23,4
DA:24,2
DA:25,2
DA:28,1
DA:29,1
DA:30,1
LF:12
LH:12
end_of_record
SF:lib\features\player\components\video_indicator.dart
DA:7,2
DA:20,2
DA:22,2
DA:24,2
DA:25,2
DA:28,2
DA:30,2
DA:31,2
DA:36,2
DA:38,2
DA:39,2
DA:43,2
DA:44,2
DA:45,2
DA:49,2
DA:50,2
DA:51,2
LF:17
LH:17
end_of_record
SF:lib\features\player\components\video_information.dart
DA:10,2
DA:17,2
DA:18,2
DA:24,2
DA:25,2
DA:27,4
DA:31,2
DA:35,12
DA:36,2
DA:39,1
DA:40,2
DA:41,2
DA:45,2
DA:47,2
DA:49,2
DA:50,2
DA:51,6
DA:54,4
DA:59,2
DA:61,2
DA:62,2
DA:63,2
DA:66,2
DA:67,2
DA:68,2
DA:69,6
DA:70,2
DA:82,2
DA:83,6
DA:84,4
DA:92,2
DA:93,2
DA:94,2
DA:95,10
DA:96,4
DA:102,2
DA:103,8
DA:104,4
DA:112,8
DA:113,4
DA:114,2
DA:115,6
DA:117,4
DA:122,2
DA:123,2
DA:124,2
DA:126,4
DA:132,1
DA:133,1
DA:134,3
DA:135,2
DA:141,4
DA:142,1
DA:143,1
DA:144,1
DA:146,2
LF:56
LH:56
end_of_record
SF:lib\features\player\videos_player.dart
DA:14,2
DA:16,2
DA:17,2
DA:30,2
DA:32,2
DA:33,10
DA:34,6
DA:35,8
DA:36,0
DA:37,0
DA:38,2
DA:41,2
DA:42,9
DA:43,2
DA:44,4
DA:47,4
DA:48,4
DA:50,4
DA:51,0
DA:52,0
DA:57,2
DA:59,2
DA:60,4
DA:63,1
DA:64,1
DA:65,1
DA:66,3
DA:67,5
DA:68,1
DA:74,1
DA:75,1
DA:76,3
DA:77,2
DA:79,2
DA:80,1
DA:85,1
DA:86,2
DA:87,1
DA:91,1
DA:92,2
DA:93,1
DA:97,2
DA:99,2
DA:104,2
DA:107,2
DA:109,2
DA:110,2
DA:111,2
DA:112,4
DA:114,2
DA:116,2
DA:117,2
DA:119,2
DA:120,2
DA:122,8
DA:123,2
DA:125,2
DA:126,4
DA:127,2
DA:128,2
DA:129,2
DA:132,2
DA:133,2
DA:134,2
DA:135,2
DA:136,2
DA:142,2
DA:143,2
DA:144,2
DA:145,2
DA:146,6
DA:149,2
DA:150,2
DA:160,2
DA:161,4
DA:162,4
DA:169,2
DA:170,2
DA:177,4
LF:79
LH:75
end_of_record
SF:lib\utils\debouncer.dart
DA:13,2
DA:15,2
DA:16,2
DA:17,2
DA:19,8
LF:5
LH:5
end_of_record
